
﻿  renderer.cpp
C:\Users\pansu\OneDrive\Documentos\3ºtrimestre_3\Real\GTR_Framework\src\extra\cJSON.h(104,1): warning C4099: 'cJSON': nombre de tipo visto anteriormente usando 'class' ahora se ve usando 'struct'
C:\Users\pansu\OneDrive\Documentos\3ºtrimestre_3\Real\GTR_Framework\src\extra\cJSON.h(103): message : vea la declaración de 'cJSON'
C:\Users\pansu\OneDrive\Documentos\3ºtrimestre_3\Real\GTR_Framework\src\renderer.cpp(53,52): warning C4244: 'argumento': conversión de 'double' a 'unsigned int'; posible pérdida de datos
C:\Users\pansu\OneDrive\Documentos\3ºtrimestre_3\Real\GTR_Framework\src\renderer.cpp(53,38): warning C4244: 'argumento': conversión de 'double' a 'unsigned int'; posible pérdida de datos
C:\Users\pansu\OneDrive\Documentos\3ºtrimestre_3\Real\GTR_Framework\src\renderer.cpp(109,12): warning C4018: '<': no coinciden signed/unsigned
C:\Users\pansu\OneDrive\Documentos\3ºtrimestre_3\Real\GTR_Framework\src\renderer.cpp(114,12): warning C4018: '<': no coinciden signed/unsigned
C:\Users\pansu\OneDrive\Documentos\3ºtrimestre_3\Real\GTR_Framework\src\renderer.cpp(149,21): warning C4018: '<': no coinciden signed/unsigned
C:\Users\pansu\OneDrive\Documentos\3ºtrimestre_3\Real\GTR_Framework\src\renderer.cpp(181,20): warning C4018: '<': no coinciden signed/unsigned
C:\Users\pansu\OneDrive\Documentos\3ºtrimestre_3\Real\GTR_Framework\src\renderer.cpp(235,20): warning C4018: '<': no coinciden signed/unsigned
C:\Users\pansu\OneDrive\Documentos\3ºtrimestre_3\Real\GTR_Framework\src\renderer.cpp(282,20): warning C4018: '<': no coinciden signed/unsigned
C:\Users\pansu\OneDrive\Documentos\3ºtrimestre_3\Real\GTR_Framework\src\renderer.cpp(303,39): warning C4244: 'argumento': conversión de 'double' a 'GLsizei'; posible pérdida de datos
C:\Users\pansu\OneDrive\Documentos\3ºtrimestre_3\Real\GTR_Framework\src\renderer.cpp(303,25): warning C4244: 'argumento': conversión de 'double' a 'GLsizei'; posible pérdida de datos
C:\Users\pansu\OneDrive\Documentos\3ºtrimestre_3\Real\GTR_Framework\src\renderer.cpp(307,49): warning C4244: 'argumento': conversión de 'double' a 'GLsizei'; posible pérdida de datos
C:\Users\pansu\OneDrive\Documentos\3ºtrimestre_3\Real\GTR_Framework\src\renderer.cpp(307,35): warning C4244: 'argumento': conversión de 'double' a 'GLsizei'; posible pérdida de datos
C:\Users\pansu\OneDrive\Documentos\3ºtrimestre_3\Real\GTR_Framework\src\renderer.cpp(307,19): warning C4244: 'argumento': conversión de 'double' a 'GLint'; posible pérdida de datos
C:\Users\pansu\OneDrive\Documentos\3ºtrimestre_3\Real\GTR_Framework\src\renderer.cpp(311,60): warning C4244: 'argumento': conversión de 'double' a 'GLsizei'; posible pérdida de datos
C:\Users\pansu\OneDrive\Documentos\3ºtrimestre_3\Real\GTR_Framework\src\renderer.cpp(311,46): warning C4244: 'argumento': conversión de 'double' a 'GLsizei'; posible pérdida de datos
C:\Users\pansu\OneDrive\Documentos\3ºtrimestre_3\Real\GTR_Framework\src\renderer.cpp(311,33): warning C4244: 'argumento': conversión de 'double' a 'GLint'; posible pérdida de datos
C:\Users\pansu\OneDrive\Documentos\3ºtrimestre_3\Real\GTR_Framework\src\renderer.cpp(311,19): warning C4244: 'argumento': conversión de 'double' a 'GLint'; posible pérdida de datos
C:\Users\pansu\OneDrive\Documentos\3ºtrimestre_3\Real\GTR_Framework\src\renderer.cpp(315,50): warning C4244: 'argumento': conversión de 'double' a 'GLsizei'; posible pérdida de datos
C:\Users\pansu\OneDrive\Documentos\3ºtrimestre_3\Real\GTR_Framework\src\renderer.cpp(315,36): warning C4244: 'argumento': conversión de 'double' a 'GLsizei'; posible pérdida de datos
C:\Users\pansu\OneDrive\Documentos\3ºtrimestre_3\Real\GTR_Framework\src\renderer.cpp(315,23): warning C4244: 'argumento': conversión de 'double' a 'GLint'; posible pérdida de datos
C:\Users\pansu\OneDrive\Documentos\3ºtrimestre_3\Real\GTR_Framework\src\renderer.cpp(377,49): warning C4244: 'argumento': conversión de 'double' a 'float'; posible pérdida de datos
C:\Users\pansu\OneDrive\Documentos\3ºtrimestre_3\Real\GTR_Framework\src\renderer.cpp(377,29): warning C4244: 'argumento': conversión de 'double' a 'float'; posible pérdida de datos
C:\Users\pansu\OneDrive\Documentos\3ºtrimestre_3\Real\GTR_Framework\src\renderer.cpp(387,20): warning C4018: '<': no coinciden signed/unsigned
C:\Users\pansu\OneDrive\Documentos\3ºtrimestre_3\Real\GTR_Framework\src\renderer.cpp(438,20): warning C4018: '<': no coinciden signed/unsigned
C:\Users\pansu\OneDrive\Documentos\3ºtrimestre_3\Real\GTR_Framework\src\renderer.cpp(487,40): warning C4305: 'argumento': truncamiento de 'double' a 'float'
C:\Users\pansu\OneDrive\Documentos\3ºtrimestre_3\Real\GTR_Framework\src\renderer.cpp(609,20): warning C4018: '<': no coinciden signed/unsigned
C:\Users\pansu\OneDrive\Documentos\3ºtrimestre_3\Real\GTR_Framework\src\renderer.cpp(769,21): warning C4018: '<': no coinciden signed/unsigned
C:\Users\pansu\OneDrive\Documentos\3ºtrimestre_3\Real\GTR_Framework\src\renderer.cpp(814,21): warning C4018: '<': no coinciden signed/unsigned
C:\Users\pansu\OneDrive\Documentos\3ºtrimestre_3\Real\GTR_Framework\src\renderer.cpp(825,54): warning C4244: 'argumento': conversión de 'double' a 'float'; posible pérdida de datos
C:\Users\pansu\OneDrive\Documentos\3ºtrimestre_3\Real\GTR_Framework\src\renderer.cpp(860,20): warning C4018: '<': no coinciden signed/unsigned
C:\Users\pansu\OneDrive\Documentos\3ºtrimestre_3\Real\GTR_Framework\src\renderer.cpp(923,39): warning C4244: 'argumento': conversión de 'double' a 'GLsizei'; posible pérdida de datos
C:\Users\pansu\OneDrive\Documentos\3ºtrimestre_3\Real\GTR_Framework\src\renderer.cpp(923,26): warning C4244: 'argumento': conversión de 'double' a 'GLsizei'; posible pérdida de datos
C:\Users\pansu\OneDrive\Documentos\3ºtrimestre_3\Real\GTR_Framework\src\renderer.cpp(970,15): warning C4244: 'inicializando': conversión de 'double' a 'float'; posible pérdida de datos
C:\Users\pansu\OneDrive\Documentos\3ºtrimestre_3\Real\GTR_Framework\src\renderer.cpp(971,13): warning C4244: 'inicializando': conversión de 'double' a 'float'; posible pérdida de datos
C:\Users\pansu\OneDrive\Documentos\3ºtrimestre_3\Real\GTR_Framework\src\renderer.cpp(1030,72): warning C4244: 'argumento': conversión de 'double' a 'float'; posible pérdida de datos
C:\Users\pansu\OneDrive\Documentos\3ºtrimestre_3\Real\GTR_Framework\src\renderer.cpp(1030,43): warning C4244: 'argumento': conversión de 'double' a 'float'; posible pérdida de datos
