  renderer.cpp
C:\Users\pansu\OneDrive\Documentos\3ºtrimestre_3\Real\GTR_Framework\src\extra\cJSON.h(104,1): warning C4099: 'cJSON': nombre de tipo visto anteriormente usando 'class' ahora se ve usando 'struct'
C:\Users\pansu\OneDrive\Documentos\3ºtrimestre_3\Real\GTR_Framework\src\extra\cJSON.h(103): message : vea la declaración de 'cJSON'
C:\Users\pansu\OneDrive\Documentos\3ºtrimestre_3\Real\GTR_Framework\src\renderer.cpp(62,52): warning C4244: 'argumento': conversión de 'double' a 'unsigned int'; posible pérdida de datos
C:\Users\pansu\OneDrive\Documentos\3ºtrimestre_3\Real\GTR_Framework\src\renderer.cpp(62,38): warning C4244: 'argumento': conversión de 'double' a 'unsigned int'; posible pérdida de datos
C:\Users\pansu\OneDrive\Documentos\3ºtrimestre_3\Real\GTR_Framework\src\renderer.cpp(236,20): warning C4018: '<': no coinciden signed/unsigned
C:\Users\pansu\OneDrive\Documentos\3ºtrimestre_3\Real\GTR_Framework\src\renderer.cpp(303,20): warning C4018: '<': no coinciden signed/unsigned
C:\Users\pansu\OneDrive\Documentos\3ºtrimestre_3\Real\GTR_Framework\src\renderer.cpp(360,20): warning C4018: '<': no coinciden signed/unsigned
C:\Users\pansu\OneDrive\Documentos\3ºtrimestre_3\Real\GTR_Framework\src\renderer.cpp(384,39): warning C4244: 'argumento': conversión de 'double' a 'GLsizei'; posible pérdida de datos
C:\Users\pansu\OneDrive\Documentos\3ºtrimestre_3\Real\GTR_Framework\src\renderer.cpp(384,25): warning C4244: 'argumento': conversión de 'double' a 'GLsizei'; posible pérdida de datos
C:\Users\pansu\OneDrive\Documentos\3ºtrimestre_3\Real\GTR_Framework\src\renderer.cpp(388,49): warning C4244: 'argumento': conversión de 'double' a 'GLsizei'; posible pérdida de datos
C:\Users\pansu\OneDrive\Documentos\3ºtrimestre_3\Real\GTR_Framework\src\renderer.cpp(388,35): warning C4244: 'argumento': conversión de 'double' a 'GLsizei'; posible pérdida de datos
C:\Users\pansu\OneDrive\Documentos\3ºtrimestre_3\Real\GTR_Framework\src\renderer.cpp(388,19): warning C4244: 'argumento': conversión de 'double' a 'GLint'; posible pérdida de datos
C:\Users\pansu\OneDrive\Documentos\3ºtrimestre_3\Real\GTR_Framework\src\renderer.cpp(392,60): warning C4244: 'argumento': conversión de 'double' a 'GLsizei'; posible pérdida de datos
C:\Users\pansu\OneDrive\Documentos\3ºtrimestre_3\Real\GTR_Framework\src\renderer.cpp(392,46): warning C4244: 'argumento': conversión de 'double' a 'GLsizei'; posible pérdida de datos
C:\Users\pansu\OneDrive\Documentos\3ºtrimestre_3\Real\GTR_Framework\src\renderer.cpp(392,33): warning C4244: 'argumento': conversión de 'double' a 'GLint'; posible pérdida de datos
C:\Users\pansu\OneDrive\Documentos\3ºtrimestre_3\Real\GTR_Framework\src\renderer.cpp(392,19): warning C4244: 'argumento': conversión de 'double' a 'GLint'; posible pérdida de datos
C:\Users\pansu\OneDrive\Documentos\3ºtrimestre_3\Real\GTR_Framework\src\renderer.cpp(396,50): warning C4244: 'argumento': conversión de 'double' a 'GLsizei'; posible pérdida de datos
C:\Users\pansu\OneDrive\Documentos\3ºtrimestre_3\Real\GTR_Framework\src\renderer.cpp(396,36): warning C4244: 'argumento': conversión de 'double' a 'GLsizei'; posible pérdida de datos
C:\Users\pansu\OneDrive\Documentos\3ºtrimestre_3\Real\GTR_Framework\src\renderer.cpp(396,23): warning C4244: 'argumento': conversión de 'double' a 'GLint'; posible pérdida de datos
C:\Users\pansu\OneDrive\Documentos\3ºtrimestre_3\Real\GTR_Framework\src\renderer.cpp(484,49): warning C4244: 'argumento': conversión de 'double' a 'float'; posible pérdida de datos
C:\Users\pansu\OneDrive\Documentos\3ºtrimestre_3\Real\GTR_Framework\src\renderer.cpp(484,29): warning C4244: 'argumento': conversión de 'double' a 'float'; posible pérdida de datos
C:\Users\pansu\OneDrive\Documentos\3ºtrimestre_3\Real\GTR_Framework\src\renderer.cpp(495,20): warning C4018: '<': no coinciden signed/unsigned
C:\Users\pansu\OneDrive\Documentos\3ºtrimestre_3\Real\GTR_Framework\src\renderer.cpp(548,20): warning C4018: '<': no coinciden signed/unsigned
C:\Users\pansu\OneDrive\Documentos\3ºtrimestre_3\Real\GTR_Framework\src\renderer.cpp(668,20): warning C4018: '<': no coinciden signed/unsigned
C:\Users\pansu\OneDrive\Documentos\3ºtrimestre_3\Real\GTR_Framework\src\renderer.cpp(680,20): warning C4018: '<': no coinciden signed/unsigned
C:\Users\pansu\OneDrive\Documentos\3ºtrimestre_3\Real\GTR_Framework\src\renderer.cpp(855,21): warning C4018: '<': no coinciden signed/unsigned
C:\Users\pansu\OneDrive\Documentos\3ºtrimestre_3\Real\GTR_Framework\src\renderer.cpp(900,21): warning C4018: '<': no coinciden signed/unsigned
C:\Users\pansu\OneDrive\Documentos\3ºtrimestre_3\Real\GTR_Framework\src\renderer.cpp(911,54): warning C4244: 'argumento': conversión de 'double' a 'float'; posible pérdida de datos
C:\Users\pansu\OneDrive\Documentos\3ºtrimestre_3\Real\GTR_Framework\src\renderer.cpp(946,20): warning C4018: '<': no coinciden signed/unsigned
C:\Users\pansu\OneDrive\Documentos\3ºtrimestre_3\Real\GTR_Framework\src\renderer.cpp(965,21): warning C4018: '<': no coinciden signed/unsigned
C:\Users\pansu\OneDrive\Documentos\3ºtrimestre_3\Real\GTR_Framework\src\renderer.cpp(1033,20): warning C4018: '<': no coinciden signed/unsigned
C:\Users\pansu\OneDrive\Documentos\3ºtrimestre_3\Real\GTR_Framework\src\renderer.cpp(1043,50): warning C4244: 'argumento': conversión de 'double' a 'GLsizei'; posible pérdida de datos
C:\Users\pansu\OneDrive\Documentos\3ºtrimestre_3\Real\GTR_Framework\src\renderer.cpp(1043,37): warning C4244: 'argumento': conversión de 'double' a 'GLsizei'; posible pérdida de datos
C:\Users\pansu\OneDrive\Documentos\3ºtrimestre_3\Real\GTR_Framework\src\renderer.cpp(1044,30): warning C4244: '+=': conversión de 'double' a 'int'; posible pérdida de datos
C:\Users\pansu\OneDrive\Documentos\3ºtrimestre_3\Real\GTR_Framework\src\renderer.cpp(1072,15): warning C4244: 'inicializando': conversión de 'double' a 'float'; posible pérdida de datos
C:\Users\pansu\OneDrive\Documentos\3ºtrimestre_3\Real\GTR_Framework\src\renderer.cpp(1073,13): warning C4244: 'inicializando': conversión de 'double' a 'float'; posible pérdida de datos
C:\Users\pansu\OneDrive\Documentos\3ºtrimestre_3\Real\GTR_Framework\src\renderer.cpp(1132,72): warning C4244: 'argumento': conversión de 'double' a 'float'; posible pérdida de datos
C:\Users\pansu\OneDrive\Documentos\3ºtrimestre_3\Real\GTR_Framework\src\renderer.cpp(1132,43): warning C4244: 'argumento': conversión de 'double' a 'float'; posible pérdida de datos
C:\Users\pansu\OneDrive\Documentos\3ºtrimestre_3\Real\GTR_Framework\src\renderer.cpp(1153,40): warning C4305: 'argumento': truncamiento de 'double' a 'float'
C:\Users\pansu\OneDrive\Documentos\3ºtrimestre_3\Real\GTR_Framework\src\renderer.cpp(1220,23): warning C4244: 'argumento': conversión de 'int' a 'float'; posible pérdida de datos
C:\Users\pansu\OneDrive\Documentos\3ºtrimestre_3\Real\GTR_Framework\src\renderer.cpp(1220,20): warning C4244: 'argumento': conversión de 'int' a 'float'; posible pérdida de datos
C:\Users\pansu\OneDrive\Documentos\3ºtrimestre_3\Real\GTR_Framework\src\renderer.cpp(1220,17): warning C4244: 'argumento': conversión de 'int' a 'float'; posible pérdida de datos
C:\Users\pansu\OneDrive\Documentos\3ºtrimestre_3\Real\GTR_Framework\src\renderer.cpp(1222,35): warning C4244: '=': conversión de 'float' a 'int'; posible pérdida de datos
C:\Users\pansu\OneDrive\Documentos\3ºtrimestre_3\Real\GTR_Framework\src\renderer.cpp(1224,59): warning C4244: 'argumento': conversión de 'int' a 'float'; posible pérdida de datos
C:\Users\pansu\OneDrive\Documentos\3ºtrimestre_3\Real\GTR_Framework\src\renderer.cpp(1224,56): warning C4244: 'argumento': conversión de 'int' a 'float'; posible pérdida de datos
C:\Users\pansu\OneDrive\Documentos\3ºtrimestre_3\Real\GTR_Framework\src\renderer.cpp(1224,53): warning C4244: 'argumento': conversión de 'int' a 'float'; posible pérdida de datos
C:\Users\pansu\OneDrive\Documentos\3ºtrimestre_3\Real\GTR_Framework\src\renderer.cpp(1261,20): warning C4018: '<': no coinciden signed/unsigned
C:\Users\pansu\OneDrive\Documentos\3ºtrimestre_3\Real\GTR_Framework\src\renderer.cpp(1360,66): warning C4244: 'argumento': conversión de 'double' a 'float'; posible pérdida de datos
C:\Users\pansu\OneDrive\Documentos\3ºtrimestre_3\Real\GTR_Framework\src\renderer.cpp(1360,46): warning C4244: 'argumento': conversión de 'double' a 'float'; posible pérdida de datos
C:\Users\pansu\OneDrive\Documentos\3ºtrimestre_3\Real\GTR_Framework\src\renderer.cpp(1398,30): warning C4305: 'inicializando': truncamiento de 'double' a 'float'
C:\Users\pansu\OneDrive\Documentos\3ºtrimestre_3\Real\GTR_Framework\src\renderer.cpp(1402,52): warning C4244: 'argumento': conversión de 'double' a 'float'; posible pérdida de datos
C:\Users\pansu\OneDrive\Documentos\3ºtrimestre_3\Real\GTR_Framework\src\renderer.cpp(1402,32): warning C4244: 'argumento': conversión de 'double' a 'float'; posible pérdida de datos
C:\Users\pansu\OneDrive\Documentos\3ºtrimestre_3\Real\GTR_Framework\src\renderer.cpp(1404,23): warning C4018: '<': no coinciden signed/unsigned
C:\Users\pansu\OneDrive\Documentos\3ºtrimestre_3\Real\GTR_Framework\src\renderer.cpp(1512,77): warning C4244: 'argumento': conversión de 'double' a 'float'; posible pérdida de datos
C:\Users\pansu\OneDrive\Documentos\3ºtrimestre_3\Real\GTR_Framework\src\renderer.cpp(1512,29): warning C4244: 'argumento': conversión de 'double' a 'float'; posible pérdida de datos
C:\Users\pansu\OneDrive\Documentos\3ºtrimestre_3\Real\GTR_Framework\src\renderer.cpp(1515,20): warning C4018: '<': no coinciden signed/unsigned
C:\Users\pansu\OneDrive\Documentos\3ºtrimestre_3\Real\GTR_Framework\src\renderer.cpp(1539,20): warning C4018: '<': no coinciden signed/unsigned
C:\Users\pansu\OneDrive\Documentos\3ºtrimestre_3\Real\GTR_Framework\src\renderer.cpp(1558,37): warning C4305: 'argumento': truncamiento de 'double' a 'float'
C:\Users\pansu\OneDrive\Documentos\3ºtrimestre_3\Real\GTR_Framework\src\renderer.cpp(1562,20): warning C4018: '<': no coinciden signed/unsigned
C:\Users\pansu\OneDrive\Documentos\3ºtrimestre_3\Real\GTR_Framework\src\renderer.cpp(1618,20): warning C4018: '<': no coinciden signed/unsigned
C:\Users\pansu\OneDrive\Documentos\3ºtrimestre_3\Real\GTR_Framework\src\renderer.cpp(1661,20): warning C4018: '<': no coinciden signed/unsigned
     Creando biblioteca ..\..\framework.lib y objeto ..\..\framework.exp
LINK : warning LNK4098: la biblioteca predeterminada'LIBCMT' entra en conflicto con otras bibliotecas; use la biblioteca /NODEFAULTLIB:biblioteca
  Generando código
  2 of 4612 functions (<0.1%) were compiled, the rest were copied from previous compilation.
    0 functions were new in current compilation
    50 functions had inline decision re-evaluated but remain unchanged
  Generación de código finalizada
LINK : warning LNK4286: "___glewDeleteBuffers" importa el símbolo "glew32s.lib(glew.obj)" definido en "imgui_impl_opengl3.obj"
LINK : warning LNK4286: "___glewLinkProgram" importa el símbolo "glew32s.lib(glew.obj)" definido en "imgui_impl_opengl3.obj"
LINK : warning LNK4286: "___glewDeleteShader" importa el símbolo "glew32s.lib(glew.obj)" definido en "imgui_impl_opengl3.obj"
LINK : warning LNK4286: "___glewGenBuffers" importa el símbolo "glew32s.lib(glew.obj)" definido en "imgui_impl_opengl3.obj"
LINK : warning LNK4286: "___glewGetProgramInfoLog" importa el símbolo "glew32s.lib(glew.obj)" definido en "imgui_impl_opengl3.obj"
LINK : warning LNK4286: "___glewDetachShader" importa el símbolo "glew32s.lib(glew.obj)" definido en "imgui_impl_opengl3.obj"
LINK : warning LNK4286: "___glewUniformMatrix4fv" importa el símbolo "glew32s.lib(glew.obj)" definido en "imgui_impl_opengl3.obj"
LINK : warning LNK4286: "___glewBlendEquationSeparate" importa el símbolo "glew32s.lib(glew.obj)" definido en "imgui_impl_opengl3.obj"
LINK : warning LNK4286: "___glewGenVertexArrays" importa el símbolo "glew32s.lib(glew.obj)" definido en "imgui_impl_opengl3.obj"
LINK : warning LNK4286: "___glewBlendEquation" importa el símbolo "glew32s.lib(glew.obj)" definido en "imgui_impl_opengl3.obj"
LINK : warning LNK4286: "___glewShaderSource" importa el símbolo "glew32s.lib(glew.obj)" definido en "imgui_impl_opengl3.obj"
LINK : warning LNK4286: "___glewDeleteProgram" importa el símbolo "glew32s.lib(glew.obj)" definido en "imgui_impl_opengl3.obj"
LINK : warning LNK4286: "___glewActiveTexture" importa el símbolo "glew32s.lib(glew.obj)" definido en "imgui_impl_opengl3.obj"
LINK : warning LNK4286: "___glewAttachShader" importa el símbolo "glew32s.lib(glew.obj)" definido en "imgui_impl_opengl3.obj"
LINK : warning LNK4286: "___glewBufferData" importa el símbolo "glew32s.lib(glew.obj)" definido en "imgui_impl_opengl3.obj"
LINK : warning LNK4286: "___glewGetUniformLocation" importa el símbolo "glew32s.lib(glew.obj)" definido en "imgui_impl_opengl3.obj"
LINK : warning LNK4286: "___glewBlendFuncSeparate" importa el símbolo "glew32s.lib(glew.obj)" definido en "imgui_impl_opengl3.obj"
LINK : warning LNK4286: "___glewDeleteVertexArrays" importa el símbolo "glew32s.lib(glew.obj)" definido en "imgui_impl_opengl3.obj"
LINK : warning LNK4286: "___glewGetProgramiv" importa el símbolo "glew32s.lib(glew.obj)" definido en "imgui_impl_opengl3.obj"
LINK : warning LNK4286: "___glewGetShaderInfoLog" importa el símbolo "glew32s.lib(glew.obj)" definido en "imgui_impl_opengl3.obj"
LINK : warning LNK4286: "___glewUniform1i" importa el símbolo "glew32s.lib(glew.obj)" definido en "imgui_impl_opengl3.obj"
LINK : warning LNK4286: "___glewCreateProgram" importa el símbolo "glew32s.lib(glew.obj)" definido en "imgui_impl_opengl3.obj"
LINK : warning LNK4286: "___glewBindBuffer" importa el símbolo "glew32s.lib(glew.obj)" definido en "imgui_impl_opengl3.obj"
LINK : warning LNK4286: "___glewCreateShader" importa el símbolo "glew32s.lib(glew.obj)" definido en "imgui_impl_opengl3.obj"
LINK : warning LNK4286: "___glewGetAttribLocation" importa el símbolo "glew32s.lib(glew.obj)" definido en "imgui_impl_opengl3.obj"
LINK : warning LNK4286: "___glewCompileShader" importa el símbolo "glew32s.lib(glew.obj)" definido en "imgui_impl_opengl3.obj"
LINK : warning LNK4286: "___glewGetShaderiv" importa el símbolo "glew32s.lib(glew.obj)" definido en "imgui_impl_opengl3.obj"
LINK : warning LNK4286: "___glewDrawElementsBaseVertex" importa el símbolo "glew32s.lib(glew.obj)" definido en "imgui_impl_opengl3.obj"
LINK : warning LNK4286: "___glewVertexAttribPointer" importa el símbolo "glew32s.lib(glew.obj)" definido en "imgui_impl_opengl3.obj"
LINK : warning LNK4286: "___glewUseProgram" importa el símbolo "glew32s.lib(glew.obj)" definido en "imgui_impl_opengl3.obj"
LINK : warning LNK4286: "___glewBindSampler" importa el símbolo "glew32s.lib(glew.obj)" definido en "imgui_impl_opengl3.obj"
LINK : warning LNK4286: "___glewBindVertexArray" importa el símbolo "glew32s.lib(glew.obj)" definido en "imgui_impl_opengl3.obj"
LINK : warning LNK4286: "___glewEnableVertexAttribArray" importa el símbolo "glew32s.lib(glew.obj)" definido en "imgui_impl_opengl3.obj"
glew32s.lib(glew.obj) : warning LNK4099: no se encontró PDB '' con 'glew32s.lib(glew.obj)' o en ''; se vinculará el objeto sin tener en cuenta información de depuración
  visualstudio.vcxproj -> C:\Users\pansu\OneDrive\Documentos\3ºtrimestre_3\Real\GTR_Framework\framework.exe
